TN:
SF:config\cloudinary.ts
FNF:0
FNH:0
DA:1,1
DA:2,1
DA:3,1
DA:4,1
DA:5,1
DA:6,1
DA:7,1
DA:8,1
DA:9,1
DA:10,1
DA:11,1
DA:12,1
LF:12
LH:12
BRF:0
BRH:0
end_of_record
TN:
SF:config\postgresql.ts
FNF:0
FNH:0
DA:1,1
DA:2,1
DA:3,1
DA:4,1
DA:5,1
DA:6,1
DA:7,1
DA:8,1
DA:9,1
DA:10,1
DA:11,1
DA:12,1
DA:13,1
DA:14,1
LF:14
LH:14
BRF:0
BRH:0
end_of_record
TN:
SF:src\index.ts
FNF:0
FNH:0
DA:1,1
DA:2,1
DA:3,1
DA:4,1
DA:5,1
DA:6,1
DA:7,1
DA:8,1
DA:9,1
DA:10,1
DA:11,1
DA:12,1
DA:13,1
DA:14,1
DA:15,1
DA:16,1
DA:17,1
DA:18,1
DA:19,1
DA:20,1
DA:21,1
DA:22,2
DA:23,1
LF:23
LH:23
BRDA:21,0,0,2
BRF:1
BRH:1
end_of_record
TN:
SF:src\handlers\auth.ts
FN:10,login
FN:37,currentUser
FN:57,loginGoogle
FNF:3
FNH:1
FNDA:7,login
FNDA:0,currentUser
FNDA:0,loginGoogle
DA:1,1
DA:2,1
DA:3,1
DA:4,1
DA:5,1
DA:6,1
DA:7,1
DA:8,1
DA:9,1
DA:10,1
DA:11,7
DA:12,7
DA:13,7
DA:14,0
DA:15,0
DA:16,7
DA:17,7
DA:18,7
DA:19,7
DA:20,7
DA:21,7
DA:22,7
DA:23,7
DA:24,7
DA:25,7
DA:26,7
DA:27,7
DA:28,7
DA:29,0
DA:30,0
DA:31,0
DA:32,0
DA:33,0
DA:34,0
DA:35,0
DA:36,7
DA:37,1
DA:38,0
DA:39,0
DA:40,0
DA:41,0
DA:42,0
DA:43,0
DA:44,0
DA:45,0
DA:46,0
DA:47,0
DA:48,0
DA:49,0
DA:50,0
DA:51,0
DA:52,0
DA:53,0
DA:54,0
DA:55,0
DA:56,1
DA:57,1
DA:58,0
DA:59,0
DA:60,0
DA:61,0
DA:62,0
DA:63,0
DA:64,0
DA:65,0
DA:66,0
DA:67,0
DA:68,0
DA:69,0
DA:70,0
DA:71,0
DA:72,0
DA:73,0
DA:74,0
DA:75,0
DA:76,0
DA:77,0
DA:78,0
DA:79,0
DA:80,0
DA:81,0
DA:82,0
DA:83,1
DA:84,1
DA:85,1
LF:85
LH:33
BRDA:10,0,0,7
BRDA:13,1,0,0
BRDA:28,2,0,0
BRF:3
BRH:1
end_of_record
TN:
SF:src\handlers\cars.ts
FN:9,getAllCars
FN:24,getCarById
FN:55,createCar
FN:95,updateCar
FN:135,getCarsBySize
FN:165,deleteCar
FNF:6
FNH:6
FNDA:3,getAllCars
FNDA:1,getCarById
FNDA:2,createCar
FNDA:1,updateCar
FNDA:1,getCarsBySize
FNDA:1,deleteCar
DA:1,1
DA:2,1
DA:3,1
DA:4,1
DA:5,1
DA:6,1
DA:7,1
DA:8,1
DA:9,1
DA:10,3
DA:11,3
DA:12,3
DA:13,3
DA:14,3
DA:15,3
DA:16,3
DA:17,3
DA:18,3
DA:19,3
DA:20,0
DA:21,0
DA:22,3
DA:23,1
DA:24,1
DA:25,1
DA:26,1
DA:27,1
DA:28,0
DA:29,0
DA:30,0
DA:31,0
DA:32,0
DA:33,0
DA:34,0
DA:35,1
DA:36,1
DA:37,0
DA:38,0
DA:39,0
DA:40,0
DA:41,0
DA:42,0
DA:43,0
DA:44,1
DA:45,1
DA:46,1
DA:47,1
DA:48,1
DA:49,1
DA:50,1
DA:51,0
DA:52,0
DA:53,1
DA:54,1
DA:55,1
DA:56,2
DA:57,2
DA:58,2
DA:59,2
DA:60,2
DA:61,2
DA:62,2
DA:63,2
DA:64,2
DA:65,2
DA:66,2
DA:67,2
DA:68,2
DA:69,2
DA:70,2
DA:71,2
DA:72,2
DA:73,0
DA:74,2
DA:75,2
DA:76,0
DA:77,0
DA:78,0
DA:79,0
DA:80,0
DA:81,0
DA:82,0
DA:83,2
DA:84,2
DA:85,2
DA:86,2
DA:87,2
DA:88,2
DA:89,2
DA:90,2
DA:91,2
DA:92,0
DA:93,0
DA:94,2
DA:95,1
DA:96,1
DA:97,1
DA:98,1
DA:99,1
DA:100,1
DA:101,1
DA:102,1
DA:103,1
DA:104,1
DA:105,1
DA:106,1
DA:107,1
DA:108,1
DA:109,1
DA:110,1
DA:111,1
DA:112,1
DA:113,0
DA:114,1
DA:115,1
DA:116,0
DA:117,0
DA:118,0
DA:119,0
DA:120,0
DA:121,0
DA:122,0
DA:123,1
DA:124,1
DA:125,1
DA:126,1
DA:127,1
DA:128,1
DA:129,1
DA:130,1
DA:131,1
DA:132,0
DA:133,0
DA:134,1
DA:135,1
DA:136,1
DA:137,1
DA:138,0
DA:139,0
DA:140,0
DA:141,0
DA:142,0
DA:143,0
DA:144,0
DA:145,1
DA:146,1
DA:147,1
DA:148,0
DA:149,0
DA:150,0
DA:151,0
DA:152,0
DA:153,0
DA:154,0
DA:155,1
DA:156,1
DA:157,1
DA:158,1
DA:159,1
DA:160,1
DA:161,1
DA:162,0
DA:163,0
DA:164,1
DA:165,1
DA:166,1
DA:167,1
DA:168,1
DA:169,1
DA:170,0
DA:171,0
DA:172,0
DA:173,0
DA:174,0
DA:175,0
DA:176,0
DA:177,1
DA:178,1
DA:179,1
DA:180,1
DA:181,1
DA:182,1
DA:183,1
DA:184,0
DA:185,0
DA:186,1
DA:187,1
DA:188,1
DA:189,1
LF:189
LH:126
BRDA:9,0,0,3
BRDA:19,1,0,0
BRDA:12,2,0,46
BRDA:24,3,0,1
BRDA:27,4,0,0
BRDA:36,5,0,0
BRDA:50,6,0,0
BRDA:55,7,0,2
BRDA:58,8,0,0
BRDA:59,9,0,0
BRDA:70,10,0,0
BRDA:71,11,0,0
BRDA:72,12,0,0
BRDA:75,13,0,0
BRDA:83,14,0,0
BRDA:91,15,0,0
BRDA:95,16,0,1
BRDA:98,17,0,0
BRDA:99,18,0,0
BRDA:110,19,0,0
BRDA:111,20,0,0
BRDA:112,21,0,0
BRDA:115,22,0,0
BRDA:123,23,0,0
BRDA:131,24,0,0
BRDA:135,25,0,1
BRDA:137,26,0,0
BRDA:147,27,0,0
BRDA:161,28,0,0
BRDA:165,29,0,1
BRDA:168,30,0,0
BRDA:169,31,0,0
BRDA:183,32,0,0
BRF:33
BRH:7
end_of_record
TN:
SF:src\handlers\users.ts
FN:9,getAllUsers
FN:27,getUserById
FN:49,createUser
FN:76,updateUserById
FN:107,deleteUserById
FNF:5
FNH:0
FNDA:0,getAllUsers
FNDA:0,getUserById
FNDA:0,createUser
FNDA:0,updateUserById
FNDA:0,deleteUserById
DA:1,1
DA:2,1
DA:3,1
DA:4,1
DA:5,1
DA:6,1
DA:7,1
DA:8,1
DA:9,1
DA:10,0
DA:11,0
DA:12,0
DA:13,0
DA:14,0
DA:15,0
DA:16,0
DA:17,0
DA:18,0
DA:19,0
DA:20,0
DA:21,0
DA:22,0
DA:23,0
DA:24,0
DA:25,0
DA:26,0
DA:27,1
DA:28,0
DA:29,0
DA:30,0
DA:31,0
DA:32,0
DA:33,0
DA:34,0
DA:35,0
DA:36,0
DA:37,0
DA:38,0
DA:39,0
DA:40,0
DA:41,0
DA:42,0
DA:43,0
DA:44,0
DA:45,0
DA:46,0
DA:47,0
DA:48,0
DA:49,1
DA:50,0
DA:51,0
DA:52,0
DA:53,0
DA:54,0
DA:55,0
DA:56,0
DA:57,0
DA:58,0
DA:59,0
DA:60,0
DA:61,0
DA:62,0
DA:63,0
DA:64,0
DA:65,0
DA:66,0
DA:67,0
DA:68,0
DA:69,0
DA:70,0
DA:71,0
DA:72,0
DA:73,0
DA:74,0
DA:75,0
DA:76,1
DA:77,0
DA:78,0
DA:79,0
DA:80,0
DA:81,0
DA:82,0
DA:83,0
DA:84,0
DA:85,0
DA:86,0
DA:87,0
DA:88,0
DA:89,0
DA:90,0
DA:91,0
DA:92,0
DA:93,0
DA:94,0
DA:95,0
DA:96,0
DA:97,0
DA:98,0
DA:99,0
DA:100,0
DA:101,0
DA:102,0
DA:103,0
DA:104,0
DA:105,0
DA:106,0
DA:107,1
DA:108,0
DA:109,0
DA:110,0
DA:111,0
DA:112,0
DA:113,0
DA:114,0
DA:115,0
DA:116,0
DA:117,0
DA:118,0
DA:119,0
DA:120,0
DA:121,0
DA:122,0
DA:123,0
DA:124,0
DA:125,0
DA:126,0
DA:127,0
DA:128,0
DA:129,1
DA:130,1
DA:131,1
LF:131
LH:16
BRF:0
BRH:0
end_of_record
TN:
SF:src\middlewares\auth.ts
FN:9,authenticateSuperAdmin
FN:44,authenticateAdmin
FNF:2
FNH:1
FNDA:0,authenticateSuperAdmin
FNDA:9,authenticateAdmin
DA:1,1
DA:2,1
DA:3,1
DA:4,1
DA:5,1
DA:6,1
DA:7,1
DA:8,1
DA:9,1
DA:10,0
DA:11,0
DA:12,0
DA:13,0
DA:14,0
DA:15,0
DA:16,0
DA:17,0
DA:18,0
DA:19,0
DA:20,0
DA:21,0
DA:22,0
DA:23,0
DA:24,0
DA:25,0
DA:26,0
DA:27,0
DA:28,0
DA:29,0
DA:30,0
DA:31,0
DA:32,0
DA:33,0
DA:34,0
DA:35,0
DA:36,0
DA:37,0
DA:38,0
DA:39,0
DA:40,0
DA:41,0
DA:42,0
DA:43,0
DA:44,1
DA:45,9
DA:46,9
DA:47,9
DA:48,9
DA:49,9
DA:50,9
DA:51,9
DA:52,9
DA:53,9
DA:54,9
DA:55,0
DA:56,0
DA:57,9
DA:58,9
DA:59,9
DA:60,9
DA:61,9
DA:62,9
DA:63,0
DA:64,0
DA:65,9
DA:66,0
DA:67,0
DA:68,9
DA:69,9
DA:70,9
DA:71,0
DA:72,0
DA:73,0
DA:74,0
DA:75,0
DA:76,0
DA:77,0
DA:78,9
DA:79,1
DA:80,1
DA:81,1
LF:81
LH:34
BRDA:44,0,0,9
BRDA:54,1,0,0
BRDA:59,2,0,0
BRDA:62,3,0,0
BRDA:65,4,0,0
BRDA:65,5,0,0
BRDA:70,6,0,0
BRF:7
BRH:1
end_of_record
TN:
SF:src\models\entity\car.ts
FN:17,get tableName
FNF:1
FNH:1
FNDA:33,get tableName
DA:1,1
DA:2,1
DA:3,1
DA:4,1
DA:5,1
DA:6,1
DA:7,1
DA:8,1
DA:9,1
DA:10,1
DA:11,1
DA:12,1
DA:13,1
DA:14,1
DA:15,1
DA:16,1
DA:17,1
DA:18,33
DA:19,33
DA:20,1
DA:21,1
DA:22,1
DA:23,1
DA:24,1
LF:24
LH:24
BRDA:17,0,0,33
BRF:1
BRH:1
end_of_record
TN:
SF:src\models\entity\user.ts
FN:11,get tableName
FNF:1
FNH:1
FNDA:51,get tableName
DA:1,1
DA:2,1
DA:3,1
DA:4,1
DA:5,1
DA:6,1
DA:7,1
DA:8,1
DA:9,1
DA:10,1
DA:11,1
DA:12,51
DA:13,51
DA:14,1
DA:15,1
DA:16,1
DA:17,1
DA:18,1
LF:18
LH:18
BRDA:11,0,0,51
BRF:1
BRH:1
end_of_record
TN:
SF:src\repositories\cars.ts
FN:5,getAllCars
FN:14,getCarById
FN:24,createCar
FN:41,updateCar
FN:63,deleteCar
FNF:5
FNH:5
FNDA:4,getAllCars
FNDA:3,getCarById
FNDA:2,createCar
FNDA:1,updateCar
FNDA:1,deleteCar
DA:1,1
DA:2,1
DA:3,1
DA:4,1
DA:5,1
DA:6,4
DA:7,4
DA:8,4
DA:9,4
DA:10,0
DA:11,0
DA:12,4
DA:13,1
DA:14,1
DA:15,3
DA:16,3
DA:17,3
DA:18,3
DA:19,3
DA:20,0
DA:21,0
DA:22,3
DA:23,1
DA:24,1
DA:25,2
DA:26,2
DA:27,2
DA:28,2
DA:29,2
DA:30,2
DA:31,2
DA:32,2
DA:33,2
DA:34,2
DA:35,2
DA:36,2
DA:37,0
DA:38,0
DA:39,2
DA:40,1
DA:41,1
DA:42,1
DA:43,1
DA:44,1
DA:45,1
DA:46,1
DA:47,1
DA:48,1
DA:49,1
DA:50,1
DA:51,1
DA:52,1
DA:53,1
DA:54,1
DA:55,1
DA:56,1
DA:57,1
DA:58,1
DA:59,0
DA:60,0
DA:61,1
DA:62,1
DA:63,1
DA:64,1
DA:65,1
DA:66,1
DA:67,0
DA:68,0
DA:69,1
DA:70,1
DA:71,1
DA:72,1
DA:73,1
DA:74,1
DA:75,1
DA:76,0
DA:77,0
DA:78,1
DA:79,1
DA:80,1
DA:81,1
LF:81
LH:69
BRDA:5,0,0,4
BRDA:9,1,0,0
BRDA:14,2,0,3
BRDA:19,3,0,0
BRDA:24,4,0,2
BRDA:36,5,0,0
BRDA:41,6,0,1
BRDA:58,7,0,0
BRDA:63,8,0,1
BRDA:66,9,0,0
BRDA:75,10,0,0
BRF:11
BRH:5
end_of_record
TN:
SF:src\repositories\users.ts
FN:6,getAllUsers
FN:17,getUserById
FN:27,getUserByUsername
FN:40,getUserByEmail
FN:50,createUser
FN:64,updateUser
FN:88,deleteUser
FNF:7
FNH:2
FNDA:0,getAllUsers
FNDA:9,getUserById
FNDA:0,getUserByUsername
FNDA:8,getUserByEmail
FNDA:0,createUser
FNDA:0,updateUser
FNDA:0,deleteUser
DA:1,1
DA:2,1
DA:3,1
DA:4,1
DA:5,1
DA:6,1
DA:7,0
DA:8,0
DA:9,0
DA:10,0
DA:11,0
DA:12,0
DA:13,0
DA:14,0
DA:15,0
DA:16,0
DA:17,1
DA:18,9
DA:19,9
DA:20,9
DA:21,9
DA:22,9
DA:23,0
DA:24,0
DA:25,9
DA:26,1
DA:27,1
DA:28,0
DA:29,0
DA:30,0
DA:31,0
DA:32,0
DA:33,0
DA:34,0
DA:35,0
DA:36,0
DA:37,0
DA:38,0
DA:39,1
DA:40,1
DA:41,8
DA:42,8
DA:43,8
DA:44,8
DA:45,8
DA:46,0
DA:47,0
DA:48,8
DA:49,1
DA:50,1
DA:51,0
DA:52,0
DA:53,0
DA:54,0
DA:55,0
DA:56,0
DA:57,0
DA:58,0
DA:59,0
DA:60,0
DA:61,0
DA:62,0
DA:63,1
DA:64,1
DA:65,0
DA:66,0
DA:67,0
DA:68,0
DA:69,0
DA:70,0
DA:71,0
DA:72,0
DA:73,0
DA:74,0
DA:75,0
DA:76,0
DA:77,0
DA:78,0
DA:79,0
DA:80,0
DA:81,0
DA:82,0
DA:83,0
DA:84,0
DA:85,0
DA:86,0
DA:87,1
DA:88,1
DA:89,0
DA:90,0
DA:91,0
DA:92,0
DA:93,0
DA:94,0
DA:95,0
DA:96,1
DA:97,1
DA:98,1
LF:98
LH:32
BRDA:17,0,0,9
BRDA:22,1,0,0
BRDA:40,2,0,8
BRDA:45,3,0,0
BRF:4
BRH:2
end_of_record
TN:
SF:src\routes\auth.ts
FNF:0
FNH:0
DA:1,1
DA:2,1
DA:3,1
DA:4,1
DA:5,1
DA:6,1
DA:7,1
DA:8,1
DA:9,1
DA:10,1
DA:11,1
DA:12,1
DA:13,1
LF:13
LH:13
BRF:0
BRH:0
end_of_record
TN:
SF:src\routes\cars.ts
FNF:0
FNH:0
DA:1,1
DA:2,1
DA:3,1
DA:4,1
DA:5,1
DA:6,1
DA:7,1
DA:8,1
DA:9,1
DA:10,1
DA:11,1
DA:12,1
DA:13,1
DA:14,1
DA:15,1
DA:16,1
DA:17,1
DA:18,1
DA:19,1
DA:20,1
DA:21,1
DA:22,1
DA:23,1
DA:24,1
DA:25,1
DA:26,1
DA:27,1
DA:28,1
DA:29,1
DA:30,1
DA:31,1
DA:32,1
DA:33,1
DA:34,1
DA:35,1
DA:36,1
DA:37,1
DA:38,1
DA:39,1
DA:40,1
DA:41,1
DA:42,1
DA:43,1
LF:43
LH:43
BRF:0
BRH:0
end_of_record
TN:
SF:src\routes\users.ts
FNF:0
FNH:0
DA:1,1
DA:2,1
DA:3,1
DA:4,1
DA:5,1
DA:6,1
DA:7,1
DA:8,1
DA:9,1
DA:10,1
DA:11,1
DA:12,1
DA:13,1
DA:14,1
DA:15,1
DA:16,1
DA:17,1
DA:18,1
DA:19,1
DA:20,1
DA:21,1
DA:22,1
DA:23,1
DA:24,1
DA:25,1
DA:26,1
DA:27,1
DA:28,1
DA:29,1
DA:30,1
DA:31,1
DA:32,1
DA:33,1
DA:34,1
DA:35,1
DA:36,1
DA:37,1
DA:38,1
LF:38
LH:38
BRF:0
BRH:0
end_of_record
TN:
SF:src\services\auth.ts
FN:14,login
FN:39,registerAdmin
FN:47,loginGoogle
FNF:3
FNH:1
FNDA:7,login
FNDA:0,registerAdmin
FNDA:0,loginGoogle
DA:1,1
DA:2,1
DA:3,1
DA:4,1
DA:5,1
DA:6,1
DA:7,1
DA:8,1
DA:9,1
DA:10,1
DA:11,1
DA:12,1
DA:13,1
DA:14,1
DA:15,7
DA:16,7
DA:17,7
DA:18,0
DA:19,0
DA:20,7
DA:21,7
DA:22,0
DA:23,0
DA:24,7
DA:25,7
DA:26,7
DA:27,7
DA:28,7
DA:29,7
DA:30,7
DA:31,7
DA:32,7
DA:33,7
DA:34,7
DA:35,0
DA:36,0
DA:37,7
DA:38,1
DA:39,1
DA:40,0
DA:41,0
DA:42,0
DA:43,0
DA:44,0
DA:45,0
DA:46,0
DA:47,1
DA:48,0
DA:49,0
DA:50,0
DA:51,0
DA:52,0
DA:53,0
DA:54,0
DA:55,0
DA:56,0
DA:57,0
DA:58,0
DA:59,0
DA:60,0
DA:61,0
DA:62,0
DA:63,0
DA:64,0
DA:65,0
DA:66,0
DA:67,0
DA:68,0
DA:69,0
DA:70,0
DA:71,0
DA:72,0
DA:73,0
DA:74,0
DA:75,0
DA:76,0
DA:77,0
DA:78,0
DA:79,0
DA:80,1
DA:81,1
DA:82,1
LF:82
LH:37
BRDA:14,0,0,7
BRDA:17,1,0,0
BRDA:21,2,0,0
BRDA:25,3,0,0
BRDA:30,4,0,0
BRDA:34,5,0,0
BRF:6
BRH:1
end_of_record
TN:
SF:src\services\cars.ts
FN:6,getAllCars
FN:14,getCarById
FN:22,updateCar
FN:34,createCar
FN:42,deleteCar
FN:50,getCarsBySize
FNF:6
FNH:6
FNDA:3,getAllCars
FNDA:1,getCarById
FNDA:1,updateCar
FNDA:2,createCar
FNDA:1,deleteCar
FNDA:1,getCarsBySize
DA:1,1
DA:2,1
DA:3,1
DA:4,1
DA:5,1
DA:6,1
DA:7,3
DA:8,3
DA:9,3
DA:10,3
DA:11,0
DA:12,0
DA:13,3
DA:14,1
DA:15,1
DA:16,1
DA:17,1
DA:18,1
DA:19,0
DA:20,0
DA:21,1
DA:22,1
DA:23,1
DA:24,1
DA:25,1
DA:26,1
DA:27,1
DA:28,1
DA:29,1
DA:30,1
DA:31,0
DA:32,0
DA:33,1
DA:34,1
DA:35,2
DA:36,2
DA:37,2
DA:38,2
DA:39,0
DA:40,0
DA:41,2
DA:42,1
DA:43,1
DA:44,1
DA:45,1
DA:46,1
DA:47,0
DA:48,0
DA:49,1
DA:50,1
DA:51,1
DA:52,1
DA:53,1
DA:54,15
DA:55,8
DA:56,8
DA:57,1
DA:58,1
DA:59,1
DA:60,0
DA:61,0
DA:62,1
DA:63,1
DA:64,1
DA:65,1
LF:65
LH:53
BRDA:6,0,0,3
BRDA:10,1,0,0
BRDA:14,2,0,1
BRDA:18,3,0,0
BRDA:22,4,0,1
BRDA:30,5,0,0
BRDA:34,6,0,2
BRDA:38,7,0,0
BRDA:42,8,0,1
BRDA:46,9,0,0
BRDA:50,10,0,1
BRDA:59,11,0,0
BRDA:53,12,0,15
BRDA:54,13,0,8
BRF:14
BRH:8
end_of_record
TN:
SF:src\services\users.ts
FN:8,getAllUsers
FN:16,getUserById
FN:28,getUserByUsername
FN:40,createUser
FN:55,updateUser
FN:72,deleteUser
FNF:6
FNH:0
FNDA:0,getAllUsers
FNDA:0,getUserById
FNDA:0,getUserByUsername
FNDA:0,createUser
FNDA:0,updateUser
FNDA:0,deleteUser
DA:1,1
DA:2,1
DA:3,1
DA:4,1
DA:5,1
DA:6,1
DA:7,1
DA:8,1
DA:9,0
DA:10,0
DA:11,0
DA:12,0
DA:13,0
DA:14,0
DA:15,0
DA:16,1
DA:17,0
DA:18,0
DA:19,0
DA:20,0
DA:21,0
DA:22,0
DA:23,0
DA:24,0
DA:25,0
DA:26,0
DA:27,1
DA:28,1
DA:29,0
DA:30,0
DA:31,0
DA:32,0
DA:33,0
DA:34,0
DA:35,0
DA:36,0
DA:37,0
DA:38,0
DA:39,1
DA:40,1
DA:41,0
DA:42,0
DA:43,0
DA:44,0
DA:45,0
DA:46,0
DA:47,0
DA:48,0
DA:49,0
DA:50,0
DA:51,0
DA:52,0
DA:53,0
DA:54,1
DA:55,1
DA:56,0
DA:57,0
DA:58,0
DA:59,0
DA:60,0
DA:61,0
DA:62,0
DA:63,0
DA:64,0
DA:65,0
DA:66,0
DA:67,0
DA:68,0
DA:69,0
DA:70,0
DA:71,1
DA:72,1
DA:73,0
DA:74,0
DA:75,0
DA:76,0
DA:77,0
DA:78,0
DA:79,0
DA:80,0
DA:81,0
DA:82,0
DA:83,0
DA:84,1
DA:85,1
DA:86,1
LF:86
LH:20
BRF:0
BRH:0
end_of_record
TN:
SF:src\utils\errorclass.ts
FN:3,BadRequestError
FN:12,UnauthorizedError
FN:21,ForbiddenError
FN:30,NotFoundError
FN:39,InternalServerError
FNF:5
FNH:0
FNDA:0,BadRequestError
FNDA:0,UnauthorizedError
FNDA:0,ForbiddenError
FNDA:0,NotFoundError
FNDA:0,InternalServerError
DA:1,1
DA:2,1
DA:3,1
DA:4,0
DA:5,0
DA:6,0
DA:7,0
DA:8,1
DA:9,1
DA:10,1
DA:11,1
DA:12,1
DA:13,0
DA:14,0
DA:15,0
DA:16,0
DA:17,1
DA:18,1
DA:19,1
DA:20,1
DA:21,1
DA:22,0
DA:23,0
DA:24,0
DA:25,0
DA:26,1
DA:27,1
DA:28,1
DA:29,1
DA:30,1
DA:31,0
DA:32,0
DA:33,0
DA:34,0
DA:35,1
DA:36,1
DA:37,1
DA:38,1
DA:39,1
DA:40,0
DA:41,0
DA:42,0
DA:43,0
DA:44,1
DA:45,1
DA:46,1
DA:47,1
DA:48,1
DA:49,1
DA:50,1
DA:51,1
DA:52,1
LF:52
LH:32
BRF:0
BRH:0
end_of_record
TN:
SF:src\utils\fileupload.ts
FNF:0
FNH:0
DA:1,1
DA:2,1
DA:3,1
DA:4,1
DA:5,1
DA:6,1
LF:6
LH:6
BRF:0
BRH:0
end_of_record
